<?xml version="1.0" encoding="UTF-8"?>
<coverage generated="1617822007">
  <project timestamp="1617822007">
    <file name="C:\Users\Everton\Documents\ConfMgr\src\Indexer\IndexerInterface.php">
      <metrics loc="48" ncloc="12" classes="0" methods="0" coveredmethods="0" conditionals="0" coveredconditionals="0" statements="0" coveredstatements="0" elements="0" coveredelements="0"/>
    </file>
    <file name="C:\Users\Everton\Documents\ConfMgr\src\Indexer\StringKeyIndexer.php">
      <class name="PTK\Config\Indexer\StringKeyIndexer" namespace="global">
        <metrics complexity="6" methods="2" coveredmethods="2" conditionals="0" coveredconditionals="0" statements="10" coveredstatements="10" elements="12" coveredelements="12"/>
      </class>
      <line num="54" type="method" name="index" visibility="public" complexity="1" crap="1" count="7"/>
      <line num="56" type="stmt" count="7"/>
      <line num="58" type="stmt" count="7"/>
      <line num="68" type="method" name="recursive" visibility="protected" complexity="5" crap="5" count="7"/>
      <line num="70" type="stmt" count="7"/>
      <line num="71" type="stmt" count="7"/>
      <line num="72" type="stmt" count="7"/>
      <line num="73" type="stmt" count="7"/>
      <line num="75" type="stmt" count="7"/>
      <line num="76" type="stmt" count="7"/>
      <line num="78" type="stmt" count="7"/>
      <line num="81" type="stmt" count="7"/>
      <metrics loc="82" ncloc="34" classes="1" methods="2" coveredmethods="2" conditionals="0" coveredconditionals="0" statements="10" coveredstatements="10" elements="12" coveredelements="12"/>
    </file>
    <file name="C:\Users\Everton\Documents\ConfMgr\src\Loader\ConfigLoader.php">
      <class name="PTK\Config\Loader\ConfigLoader" namespace="global">
        <metrics complexity="6" methods="2" coveredmethods="1" conditionals="0" coveredconditionals="0" statements="15" coveredstatements="14" elements="17" coveredelements="15"/>
      </class>
      <line num="63" type="method" name="load" visibility="public" complexity="2" crap="2" count="7"/>
      <line num="66" type="stmt" count="7"/>
      <line num="69" type="stmt" count="7"/>
      <line num="72" type="stmt" count="7"/>
      <line num="74" type="stmt" count="7"/>
      <line num="76" type="stmt" count="7"/>
      <line num="79" type="stmt" count="7"/>
      <line num="82" type="stmt" count="7"/>
      <line num="85" type="stmt" count="7"/>
      <line num="95" type="method" name="dectectParser" visibility="protected" complexity="4" crap="4.05" count="7"/>
      <line num="97" type="stmt" count="7"/>
      <line num="98" type="stmt" count="5"/>
      <line num="101" type="stmt" count="2"/>
      <line num="102" type="stmt" count="1"/>
      <line num="105" type="stmt" count="1"/>
      <line num="106" type="stmt" count="1"/>
      <line num="109" type="stmt" count="0"/>
      <metrics loc="111" ncloc="60" classes="1" methods="2" coveredmethods="1" conditionals="0" coveredconditionals="0" statements="15" coveredstatements="14" elements="17" coveredelements="15"/>
    </file>
    <file name="C:\Users\Everton\Documents\ConfMgr\src\Parser\IniParser.php">
      <class name="PTK\Config\Parser\IniParser" namespace="global">
        <metrics complexity="4" methods="2" coveredmethods="0" conditionals="0" coveredconditionals="0" statements="8" coveredstatements="6" elements="10" coveredelements="6"/>
      </class>
      <line num="47" type="method" name="__construct" visibility="public" complexity="2" crap="2.06" count="5"/>
      <line num="49" type="stmt" count="5"/>
      <line num="50" type="stmt" count="0"/>
      <line num="53" type="stmt" count="5"/>
      <line num="54" type="stmt" count="5"/>
      <line num="56" type="method" name="parse" visibility="public" complexity="2" crap="2.06" count="5"/>
      <line num="58" type="stmt" count="5"/>
      <line num="59" type="stmt" count="5"/>
      <line num="60" type="stmt" count="0"/>
      <line num="63" type="stmt" count="5"/>
      <metrics loc="65" ncloc="34" classes="1" methods="2" coveredmethods="0" conditionals="0" coveredconditionals="0" statements="8" coveredstatements="6" elements="10" coveredelements="6"/>
    </file>
    <file name="C:\Users\Everton\Documents\ConfMgr\src\Parser\ParserInterface.php">
      <metrics loc="54" ncloc="14" classes="0" methods="0" coveredmethods="0" conditionals="0" coveredconditionals="0" statements="0" coveredstatements="0" elements="0" coveredelements="0"/>
    </file>
    <file name="C:\Users\Everton\Documents\ConfMgr\src\Parser\YamlParser.php">
      <class name="PTK\Config\Parser\YamlParser" namespace="global">
        <metrics complexity="4" methods="2" coveredmethods="0" conditionals="0" coveredconditionals="0" statements="8" coveredstatements="6" elements="10" coveredelements="6"/>
      </class>
      <line num="49" type="method" name="__construct" visibility="public" complexity="2" crap="2.06" count="2"/>
      <line num="51" type="stmt" count="2"/>
      <line num="52" type="stmt" count="0"/>
      <line num="55" type="stmt" count="2"/>
      <line num="56" type="stmt" count="2"/>
      <line num="58" type="method" name="parse" visibility="public" complexity="2" crap="2.06" count="2"/>
      <line num="60" type="stmt" count="2"/>
      <line num="61" type="stmt" count="2"/>
      <line num="62" type="stmt" count="0"/>
      <line num="65" type="stmt" count="2"/>
      <metrics loc="67" ncloc="34" classes="1" methods="2" coveredmethods="0" conditionals="0" coveredconditionals="0" statements="8" coveredstatements="6" elements="10" coveredelements="6"/>
    </file>
    <file name="C:\Users\Everton\Documents\ConfMgr\src\Repository\ConfigRepo.php">
      <class name="PTK\Config\Repository\ConfigRepo" namespace="global">
        <metrics complexity="5" methods="4" coveredmethods="4" conditionals="0" coveredconditionals="0" statements="7" coveredstatements="7" elements="11" coveredelements="11"/>
      </class>
      <line num="58" type="method" name="__construct" visibility="public" complexity="1" crap="1" count="7"/>
      <line num="60" type="stmt" count="7"/>
      <line num="61" type="stmt" count="7"/>
      <line num="63" type="method" name="__get" visibility="public" complexity="1" crap="1" count="1"/>
      <line num="65" type="stmt" count="1"/>
      <line num="68" type="method" name="get" visibility="public" complexity="2" crap="2" count="3"/>
      <line num="70" type="stmt" count="3"/>
      <line num="71" type="stmt" count="2"/>
      <line num="74" type="stmt" count="1"/>
      <line num="77" type="method" name="list" visibility="public" complexity="1" crap="1" count="1"/>
      <line num="79" type="stmt" count="1"/>
      <metrics loc="81" ncloc="38" classes="1" methods="4" coveredmethods="4" conditionals="0" coveredconditionals="0" statements="7" coveredstatements="7" elements="11" coveredelements="11"/>
    </file>
    <file name="C:\Users\Everton\Documents\ConfMgr\src\Repository\ConfigRepoInterface.php">
      <metrics loc="78" ncloc="18" classes="0" methods="0" coveredmethods="0" conditionals="0" coveredconditionals="0" statements="0" coveredstatements="0" elements="0" coveredelements="0"/>
    </file>
    <metrics files="8" loc="586" ncloc="244" classes="5" methods="12" coveredmethods="7" conditionals="0" coveredconditionals="0" statements="48" coveredstatements="43" elements="60" coveredelements="50"/>
  </project>
</coverage>
